        -:    0:Source:dominion.c
        -:    0:Graph:dominion.gcno
        -:    0:Data:dominion.gcda
        -:    0:Runs:12
        -:    0:Programs:12
        -:    1:#include "dominion.h"
        -:    2:#include "dominion_helpers.h"
        -:    3:#include "rngs.h"
        -:    4:#include <stdio.h>
        -:    5:#include <math.h>
        -:    6:#include <stdlib.h>
        -:    7:
function compare called 457373 returned 100% blocks executed 100%
   457373:    8:int compare(const void* a, const void* b) {
   457373:    9:  if (*(int*)a > *(int*)b)
branch  0 taken 43% (fallthrough)
branch  1 taken 57%
   196756:   10:    return 1;
   260617:   11:  if (*(int*)a < *(int*)b)
branch  0 taken 34% (fallthrough)
branch  1 taken 66%
    89586:   12:    return -1;
   171031:   13:  return 0;
        -:   14:}
        -:   15:
function newGame called 0 returned 0% blocks executed 0%
    #####:   16:struct gameState* newGame() {
    #####:   17:  struct gameState* g = malloc(sizeof(struct gameState));
    #####:   18:  return g;
        -:   19:}
        -:   20:
function kingdomCards called 0 returned 0% blocks executed 0%
    #####:   21:int* kingdomCards(int k1, int k2, int k3, int k4, int k5, int k6, int k7,
        -:   22:		  int k8, int k9, int k10) {
    #####:   23:  int* k = malloc(10 * sizeof(int));
    #####:   24:  k[0] = k1;
    #####:   25:  k[1] = k2;
    #####:   26:  k[2] = k3;
    #####:   27:  k[3] = k4;
    #####:   28:  k[4] = k5;
    #####:   29:  k[5] = k6;
    #####:   30:  k[6] = k7;
    #####:   31:  k[7] = k8;
    #####:   32:  k[8] = k9;
    #####:   33:  k[9] = k10;
    #####:   34:  return k;
        -:   35:}
        -:   36:
function initializeGame called 0 returned 0% blocks executed 0%
    #####:   37:int initializeGame(int numPlayers, int kingdomCards[10], int randomSeed,
        -:   38:		   struct gameState *state) {
        -:   39:
        -:   40:  int i;
        -:   41:  int j;
        -:   42:  int it;			
        -:   43:  //set up random number generator
    #####:   44:  SelectStream(1);
call    0 never executed
    #####:   45:  PutSeed((long)randomSeed);
call    0 never executed
        -:   46:  
        -:   47:  //check number of players
    #####:   48:  if (numPlayers > MAX_PLAYERS || numPlayers < 2)
branch  0 never executed
branch  1 never executed
branch  2 never executed
branch  3 never executed
        -:   49:    {
    #####:   50:      return -1;
        -:   51:    }
        -:   52:
        -:   53:  //set number of players
    #####:   54:  state->numPlayers = numPlayers;
        -:   55:
        -:   56:  //check selected kingdom cards are different
    #####:   57:  for (i = 0; i < 10; i++)
branch  0 never executed
branch  1 never executed
        -:   58:    {
    #####:   59:      for (j = 0; j < 10; j++)
branch  0 never executed
branch  1 never executed
        -:   60:        {
    #####:   61:	  if (j != i && kingdomCards[j] == kingdomCards[i])
branch  0 never executed
branch  1 never executed
branch  2 never executed
branch  3 never executed
        -:   62:	    {
    #####:   63:	      return -1;
        -:   64:	    }
        -:   65:        }
        -:   66:    }
        -:   67:
        -:   68:
        -:   69:  //initialize supply
        -:   70:  ///////////////////////////////
        -:   71:
        -:   72:  //set number of Curse cards
    #####:   73:  if (numPlayers == 2)
branch  0 never executed
branch  1 never executed
        -:   74:    {
    #####:   75:      state->supplyCount[curse] = 10;
        -:   76:    }
    #####:   77:  else if (numPlayers == 3)
branch  0 never executed
branch  1 never executed
        -:   78:    {
    #####:   79:      state->supplyCount[curse] = 20;
        -:   80:    }
        -:   81:  else
        -:   82:    {
    #####:   83:      state->supplyCount[curse] = 30;
        -:   84:    }
        -:   85:
        -:   86:  //set number of Victory cards
    #####:   87:  if (numPlayers == 2)
branch  0 never executed
branch  1 never executed
        -:   88:    {
    #####:   89:      state->supplyCount[estate] = 8;
    #####:   90:      state->supplyCount[duchy] = 8;
    #####:   91:      state->supplyCount[province] = 8;
        -:   92:    }
        -:   93:  else
        -:   94:    {
    #####:   95:      state->supplyCount[estate] = 12;
    #####:   96:      state->supplyCount[duchy] = 12;
    #####:   97:      state->supplyCount[province] = 12;
        -:   98:    }
        -:   99:
        -:  100:  //set number of Treasure cards
    #####:  101:  state->supplyCount[copper] = 60 - (7 * numPlayers);
    #####:  102:  state->supplyCount[silver] = 40;
    #####:  103:  state->supplyCount[gold] = 30;
        -:  104:
        -:  105:  //set number of Kingdom cards
    #####:  106:  for (i = adventurer; i <= treasure_map; i++)       	//loop all cards
branch  0 never executed
branch  1 never executed
        -:  107:    {
    #####:  108:      for (j = 0; j < 10; j++)           		//loop chosen cards
branch  0 never executed
branch  1 never executed
        -:  109:	{
    #####:  110:	  if (kingdomCards[j] == i)
branch  0 never executed
branch  1 never executed
        -:  111:	    {
        -:  112:	      //check if card is a 'Victory' Kingdom card
    #####:  113:	      if (kingdomCards[j] == great_hall || kingdomCards[j] == gardens)
branch  0 never executed
branch  1 never executed
branch  2 never executed
branch  3 never executed
        -:  114:		{
    #####:  115:		  if (numPlayers == 2){ 
branch  0 never executed
branch  1 never executed
    #####:  116:		    state->supplyCount[i] = 8; 
        -:  117:		  }
    #####:  118:		  else{ state->supplyCount[i] = 12; }
        -:  119:		}
        -:  120:	      else
        -:  121:		{
    #####:  122:		  state->supplyCount[i] = 10;
        -:  123:		}
    #####:  124:	      break;
        -:  125:	    }
        -:  126:	  else    //card is not in the set choosen for the game
        -:  127:	    {
    #####:  128:	      state->supplyCount[i] = -1;
        -:  129:	    }
        -:  130:	}
        -:  131:
        -:  132:    }
        -:  133:
        -:  134:  ////////////////////////
        -:  135:  //supply intilization complete
        -:  136:
        -:  137:  //set player decks
    #####:  138:  for (i = 0; i < numPlayers; i++)
branch  0 never executed
branch  1 never executed
        -:  139:    {
    #####:  140:      state->deckCount[i] = 0;
    #####:  141:      for (j = 0; j < 3; j++)
branch  0 never executed
branch  1 never executed
        -:  142:	{
    #####:  143:	  state->deck[i][j] = estate;
    #####:  144:	  state->deckCount[i]++;
        -:  145:	}
    #####:  146:      for (j = 3; j < 10; j++)
branch  0 never executed
branch  1 never executed
        -:  147:	{
    #####:  148:	  state->deck[i][j] = copper;
    #####:  149:	  state->deckCount[i]++;		
        -:  150:	}
        -:  151:    }
        -:  152:
        -:  153:  //shuffle player decks
    #####:  154:  for (i = 0; i < numPlayers; i++)
branch  0 never executed
branch  1 never executed
        -:  155:    {
    #####:  156:      if ( shuffle(i, state) < 0 )
call    0 never executed
branch  1 never executed
branch  2 never executed
        -:  157:	{
    #####:  158:	  return -1;
        -:  159:	}
        -:  160:    }
        -:  161:
        -:  162:  //draw player hands
    #####:  163:  for (i = 0; i < numPlayers; i++)
branch  0 never executed
branch  1 never executed
        -:  164:    {  
        -:  165:      //initialize hand size to zero
    #####:  166:      state->handCount[i] = 0;
    #####:  167:      state->discardCount[i] = 0;
        -:  168:      //draw 5 cards
        -:  169:      // for (j = 0; j < 5; j++)
        -:  170:      //	{
        -:  171:      //	  drawCard(i, state);
        -:  172:      //	}
        -:  173:    }
        -:  174:  
        -:  175:  //set embargo tokens to 0 for all supply piles
    #####:  176:  for (i = 0; i <= treasure_map; i++)
branch  0 never executed
branch  1 never executed
        -:  177:    {
    #####:  178:      state->embargoTokens[i] = 0;
        -:  179:    }
        -:  180:
        -:  181:  //initialize first player's turn
    #####:  182:  state->outpostPlayed = 0;
    #####:  183:  state->phase = 0;
    #####:  184:  state->numActions = 1;
    #####:  185:  state->numBuys = 1;
    #####:  186:  state->playedCardCount = 0;
    #####:  187:  state->whoseTurn = 0;
    #####:  188:  state->handCount[state->whoseTurn] = 0;
        -:  189:  //int it; move to top
        -:  190:
        -:  191:  //Moved draw cards to here, only drawing at the start of a turn
    #####:  192:  for (it = 0; it < 5; it++){
branch  0 never executed
branch  1 never executed
    #####:  193:    drawCard(state->whoseTurn, state);
call    0 never executed
        -:  194:  }
        -:  195:
    #####:  196:  updateCoins(state->whoseTurn, state, 0);
call    0 never executed
        -:  197:
    #####:  198:  return 0;
        -:  199:}
        -:  200:
function shuffle called 7747 returned 100% blocks executed 100%
     7747:  201:int shuffle(int player, struct gameState *state) {
        -:  202: 
        -:  203:
        -:  204:  int newDeck[MAX_DECK];
     7747:  205:  int newDeckPos = 0;
        -:  206:  int card;
        -:  207:  int i;
        -:  208:
     7747:  209:  if (state->deckCount[player] < 1)
branch  0 taken 86% (fallthrough)
branch  1 taken 14%
     6625:  210:    return -1;
     1122:  211:  qsort ((void*)(state->deck[player]), state->deckCount[player], sizeof(int), compare); 
call    0 returned 100%
        -:  212:  /* SORT CARDS IN DECK TO ENSURE DETERMINISM! */
        -:  213:
    86353:  214:  while (state->deckCount[player] > 0) {
branch  0 taken 99%
branch  1 taken 1% (fallthrough)
    84109:  215:    card = floor(Random() * state->deckCount[player]);
call    0 returned 100%
    84109:  216:    newDeck[newDeckPos] = state->deck[player][card];
    84109:  217:    newDeckPos++;
  4109466:  218:    for (i = card; i < state->deckCount[player]-1; i++) {
branch  0 taken 98%
branch  1 taken 2% (fallthrough)
  4025357:  219:      state->deck[player][i] = state->deck[player][i+1];
        -:  220:    }
    84109:  221:    state->deckCount[player]--;
        -:  222:  }
    85231:  223:  for (i = 0; i < newDeckPos; i++) {
branch  0 taken 99%
branch  1 taken 1% (fallthrough)
    84109:  224:    state->deck[player][i] = newDeck[i];
    84109:  225:    state->deckCount[player]++;
        -:  226:  }
        -:  227:
     1122:  228:  return 0;
        -:  229:}
        -:  230:
function playCard called 0 returned 0% blocks executed 0%
    #####:  231:int playCard(int handPos, int choice1, int choice2, int choice3, struct gameState *state) 
        -:  232:{	
        -:  233:  int card;
    #####:  234:  int coin_bonus = 0; 		//tracks coins gain from actions
        -:  235:
        -:  236:  //check if it is the right phase
    #####:  237:  if (state->phase != 0)
branch  0 never executed
branch  1 never executed
        -:  238:    {
    #####:  239:      return -1;
        -:  240:    }
        -:  241:	
        -:  242:  //check if player has enough actions
    #####:  243:  if ( state->numActions < 1 )
branch  0 never executed
branch  1 never executed
        -:  244:    {
    #####:  245:      return -1;
        -:  246:    }
        -:  247:	
        -:  248:  //get card played
    #####:  249:  card = handCard(handPos, state);
call    0 never executed
        -:  250:	
        -:  251:  //check if selected card is an action
    #####:  252:  if ( card < adventurer || card > treasure_map )
branch  0 never executed
branch  1 never executed
branch  2 never executed
branch  3 never executed
        -:  253:    {
    #####:  254:      return -1;
        -:  255:    }
        -:  256:	
        -:  257:  //play card
    #####:  258:  if ( cardEffect(card, choice1, choice2, choice3, state, handPos, &coin_bonus) < 0 )
call    0 never executed
branch  1 never executed
branch  2 never executed
        -:  259:    {
    #####:  260:      return -1;
        -:  261:    }
        -:  262:	
        -:  263:  //reduce number of actions
    #####:  264:  state->numActions--;
        -:  265:
        -:  266:  //update coins (Treasure cards may be added with card draws)
    #####:  267:  updateCoins(state->whoseTurn, state, coin_bonus);
call    0 never executed
        -:  268:	
    #####:  269:  return 0;
        -:  270:}
        -:  271:
function buyCard called 0 returned 0% blocks executed 0%
    #####:  272:int buyCard(int supplyPos, struct gameState *state) {
        -:  273:  int who;
        -:  274:  if (DEBUG){
        -:  275:    printf("Entering buyCard...\n");
        -:  276:  }
        -:  277:
        -:  278:  // I don't know what to do about the phase thing.
        -:  279:
    #####:  280:  who = state->whoseTurn;
        -:  281:
    #####:  282:  if (state->numBuys < 1){
branch  0 never executed
branch  1 never executed
        -:  283:    if (DEBUG)
        -:  284:      printf("You do not have any buys left\n");
    #####:  285:    return -1;
    #####:  286:  } else if (supplyCount(supplyPos, state) <1){
call    0 never executed
branch  1 never executed
branch  2 never executed
        -:  287:    if (DEBUG)
        -:  288:      printf("There are not any of that type of card left\n");
    #####:  289:    return -1;
    #####:  290:  } else if (state->coins < getCost(supplyPos)){
call    0 never executed
branch  1 never executed
branch  2 never executed
        -:  291:    if (DEBUG) 
        -:  292:      printf("You do not have enough money to buy that. You have %d coins.\n", state->coins);
    #####:  293:    return -1;
        -:  294:  } else {
    #####:  295:    state->phase=1;
        -:  296:    //state->supplyCount[supplyPos]--;
    #####:  297:    gainCard(supplyPos, state, 0, who); //card goes in discard, this might be wrong.. (2 means goes into hand, 0 goes into discard)
call    0 never executed
        -:  298:  
    #####:  299:    state->coins = (state->coins) - (getCost(supplyPos));
call    0 never executed
    #####:  300:    state->numBuys--;
        -:  301:    if (DEBUG)
        -:  302:      printf("You bought card number %d for %d coins. You now have %d buys and %d coins.\n", supplyPos, getCost(supplyPos), state->numBuys, state->coins);
        -:  303:  }
        -:  304:
        -:  305:  //state->discard[who][state->discardCount[who]] = supplyPos;
        -:  306:  //state->discardCount[who]++;
        -:  307:    
    #####:  308:  return 0;
        -:  309:}
        -:  310:
function numHandCards called 0 returned 0% blocks executed 0%
    #####:  311:int numHandCards(struct gameState *state) {
    #####:  312:  return state->handCount[ whoseTurn(state) ];
call    0 never executed
        -:  313:}
        -:  314:
function handCard called 0 returned 0% blocks executed 0%
    #####:  315:int handCard(int handPos, struct gameState *state) {
    #####:  316:  int currentPlayer = whoseTurn(state);
call    0 never executed
    #####:  317:  return state->hand[currentPlayer][handPos];
        -:  318:}
        -:  319:
function supplyCount called 0 returned 0% blocks executed 0%
    #####:  320:int supplyCount(int card, struct gameState *state) {
    #####:  321:  return state->supplyCount[card];
        -:  322:}
        -:  323:
function fullDeckCount called 0 returned 0% blocks executed 0%
    #####:  324:int fullDeckCount(int player, int card, struct gameState *state) {
        -:  325:  int i;
    #####:  326:  int count = 0;
        -:  327:
    #####:  328:  for (i = 0; i < state->deckCount[player]; i++)
branch  0 never executed
branch  1 never executed
        -:  329:    {
    #####:  330:      if (state->deck[player][i] == card) count++;
branch  0 never executed
branch  1 never executed
        -:  331:    }
        -:  332:
    #####:  333:  for (i = 0; i < state->handCount[player]; i++)
branch  0 never executed
branch  1 never executed
        -:  334:    {
    #####:  335:      if (state->hand[player][i] == card) count++;
branch  0 never executed
branch  1 never executed
        -:  336:    }
        -:  337:
    #####:  338:  for (i = 0; i < state->discardCount[player]; i++)
branch  0 never executed
branch  1 never executed
        -:  339:    {
    #####:  340:      if (state->discard[player][i] == card) count++;
branch  0 never executed
branch  1 never executed
        -:  341:    }
        -:  342:
    #####:  343:  return count;
        -:  344:}
        -:  345:
function whoseTurn called 12000 returned 100% blocks executed 100%
    12000:  346:int whoseTurn(struct gameState *state) {
    12000:  347:  return state->whoseTurn;
        -:  348:}
        -:  349:
function endTurn called 0 returned 0% blocks executed 0%
    #####:  350:int endTurn(struct gameState *state) {
        -:  351:  int k;
        -:  352:  int i;
    #####:  353:  int currentPlayer = whoseTurn(state);
call    0 never executed
        -:  354:  
        -:  355:  //Discard hand
    #####:  356:  for (i = 0; i < state->handCount[currentPlayer]; i++){
branch  0 never executed
branch  1 never executed
    #####:  357:    state->discard[currentPlayer][state->discardCount[currentPlayer]++] = state->hand[currentPlayer][i];//Discard
    #####:  358:    state->hand[currentPlayer][i] = -1;//Set card to -1
        -:  359:  }
    #####:  360:  state->handCount[currentPlayer] = 0;//Reset hand count
        -:  361:    
        -:  362:  //Code for determining the player
    #####:  363:  if (currentPlayer < (state->numPlayers - 1)){ 
branch  0 never executed
branch  1 never executed
    #####:  364:    state->whoseTurn = currentPlayer + 1;//Still safe to increment
        -:  365:  }
        -:  366:  else{
    #####:  367:    state->whoseTurn = 0;//Max player has been reached, loop back around to player 1
        -:  368:  }
        -:  369:
    #####:  370:  state->outpostPlayed = 0;
    #####:  371:  state->phase = 0;
    #####:  372:  state->numActions = 1;
    #####:  373:  state->coins = 0;
    #####:  374:  state->numBuys = 1;
    #####:  375:  state->playedCardCount = 0;
    #####:  376:  state->handCount[state->whoseTurn] = 0;
        -:  377:
        -:  378:  //int k; move to top
        -:  379:  //Next player draws hand
    #####:  380:  for (k = 0; k < 5; k++){
branch  0 never executed
branch  1 never executed
    #####:  381:    drawCard(state->whoseTurn, state);//Draw a card
call    0 never executed
        -:  382:  }
        -:  383:
        -:  384:  //Update money
    #####:  385:  updateCoins(state->whoseTurn, state , 0);
call    0 never executed
        -:  386:
    #####:  387:  return 0;
        -:  388:}
        -:  389:
function isGameOver called 0 returned 0% blocks executed 0%
    #####:  390:int isGameOver(struct gameState *state) {
        -:  391:  int i;
        -:  392:  int j;
        -:  393:	
        -:  394:  //if stack of Province cards is empty, the game ends
    #####:  395:  if (state->supplyCount[province] == 0)
branch  0 never executed
branch  1 never executed
        -:  396:    {
    #####:  397:      return 1;
        -:  398:    }
        -:  399:
        -:  400:  //if three supply pile are at 0, the game ends
    #####:  401:  j = 0;
    #####:  402:  for (i = 0; i < 25; i++)
branch  0 never executed
branch  1 never executed
        -:  403:    {
    #####:  404:      if (state->supplyCount[i] == 0)
branch  0 never executed
branch  1 never executed
        -:  405:	{
    #####:  406:	  j++;
        -:  407:	}
        -:  408:    }
    #####:  409:  if ( j >= 3)
branch  0 never executed
branch  1 never executed
        -:  410:    {
    #####:  411:      return 1;
        -:  412:    }
        -:  413:
    #####:  414:  return 0;
        -:  415:}
        -:  416:
function scoreFor called 0 returned 0% blocks executed 0%
    #####:  417:int scoreFor (int player, struct gameState *state) {
        -:  418:
        -:  419:  int i;
    #####:  420:  int score = 0;
        -:  421:  //score from hand
    #####:  422:  for (i = 0; i < state->handCount[player]; i++)
branch  0 never executed
branch  1 never executed
        -:  423:    {
    #####:  424:      if (state->hand[player][i] == curse) { score = score - 1; };
branch  0 never executed
branch  1 never executed
    #####:  425:      if (state->hand[player][i] == estate) { score = score + 1; };
branch  0 never executed
branch  1 never executed
    #####:  426:      if (state->hand[player][i] == duchy) { score = score + 3; };
branch  0 never executed
branch  1 never executed
    #####:  427:      if (state->hand[player][i] == province) { score = score + 6; };
branch  0 never executed
branch  1 never executed
    #####:  428:      if (state->hand[player][i] == great_hall) { score = score + 1; };
branch  0 never executed
branch  1 never executed
    #####:  429:      if (state->hand[player][i] == gardens) { score = score + ( fullDeckCount(player, 0, state) / 10 ); };
branch  0 never executed
branch  1 never executed
call    2 never executed
        -:  430:    }
        -:  431:
        -:  432:  //score from discard
    #####:  433:  for (i = 0; i < state->discardCount[player]; i++)
branch  0 never executed
branch  1 never executed
        -:  434:    {
    #####:  435:      if (state->discard[player][i] == curse) { score = score - 1; };
branch  0 never executed
branch  1 never executed
    #####:  436:      if (state->discard[player][i] == estate) { score = score + 1; };
branch  0 never executed
branch  1 never executed
    #####:  437:      if (state->discard[player][i] == duchy) { score = score + 3; };
branch  0 never executed
branch  1 never executed
    #####:  438:      if (state->discard[player][i] == province) { score = score + 6; };
branch  0 never executed
branch  1 never executed
    #####:  439:      if (state->discard[player][i] == great_hall) { score = score + 1; };
branch  0 never executed
branch  1 never executed
    #####:  440:      if (state->discard[player][i] == gardens) { score = score + ( fullDeckCount(player, 0, state) / 10 ); };
branch  0 never executed
branch  1 never executed
call    2 never executed
        -:  441:    }
        -:  442:
        -:  443:  //score from deck
    #####:  444:  for (i = 0; i < state->discardCount[player]; i++)
branch  0 never executed
branch  1 never executed
        -:  445:    {
    #####:  446:      if (state->deck[player][i] == curse) { score = score - 1; };
branch  0 never executed
branch  1 never executed
    #####:  447:      if (state->deck[player][i] == estate) { score = score + 1; };
branch  0 never executed
branch  1 never executed
    #####:  448:      if (state->deck[player][i] == duchy) { score = score + 3; };
branch  0 never executed
branch  1 never executed
    #####:  449:      if (state->deck[player][i] == province) { score = score + 6; };
branch  0 never executed
branch  1 never executed
    #####:  450:      if (state->deck[player][i] == great_hall) { score = score + 1; };
branch  0 never executed
branch  1 never executed
    #####:  451:      if (state->deck[player][i] == gardens) { score = score + ( fullDeckCount(player, 0, state) / 10 ); };
branch  0 never executed
branch  1 never executed
call    2 never executed
        -:  452:    }
        -:  453:
    #####:  454:  return score;
        -:  455:}
        -:  456:
function getWinners called 0 returned 0% blocks executed 0%
    #####:  457:int getWinners(int players[MAX_PLAYERS], struct gameState *state) {
        -:  458:  int i;	
        -:  459:  int j;
        -:  460:  int highScore;
        -:  461:  int currentPlayer;
        -:  462:
        -:  463:  //get score for each player
    #####:  464:  for (i = 0; i < MAX_PLAYERS; i++)
branch  0 never executed
branch  1 never executed
        -:  465:    {
        -:  466:      //set unused player scores to -9999
    #####:  467:      if (i >= state->numPlayers)
branch  0 never executed
branch  1 never executed
        -:  468:	{
    #####:  469:	  players[i] = -9999;
        -:  470:	}
        -:  471:      else
        -:  472:	{
    #####:  473:	  players[i] = scoreFor (i, state);
call    0 never executed
        -:  474:	}
        -:  475:    }
        -:  476:
        -:  477:  //find highest score
    #####:  478:  j = 0;
    #####:  479:  for (i = 0; i < MAX_PLAYERS; i++)
branch  0 never executed
branch  1 never executed
        -:  480:    {
    #####:  481:      if (players[i] > players[j])
branch  0 never executed
branch  1 never executed
        -:  482:	{
    #####:  483:	  j = i;
        -:  484:	}
        -:  485:    }
    #####:  486:  highScore = players[j];
        -:  487:
        -:  488:  //add 1 to players who had less turns
    #####:  489:  currentPlayer = whoseTurn(state);
call    0 never executed
    #####:  490:  for (i = 0; i < MAX_PLAYERS; i++)
branch  0 never executed
branch  1 never executed
        -:  491:    {
    #####:  492:      if ( players[i] == highScore && i > currentPlayer )
branch  0 never executed
branch  1 never executed
branch  2 never executed
branch  3 never executed
        -:  493:	{
    #####:  494:	  players[i]++;
        -:  495:	}
        -:  496:    }
        -:  497:
        -:  498:  //find new highest score
    #####:  499:  j = 0;
    #####:  500:  for (i = 0; i < MAX_PLAYERS; i++)
branch  0 never executed
branch  1 never executed
        -:  501:    {
    #####:  502:      if ( players[i] > players[j] )
branch  0 never executed
branch  1 never executed
        -:  503:	{
    #####:  504:	  j = i;
        -:  505:	}
        -:  506:    }
    #####:  507:  highScore = players[j];
        -:  508:
        -:  509:  //set winners in array to 1 and rest to 0
    #####:  510:  for (i = 0; i < MAX_PLAYERS; i++)
branch  0 never executed
branch  1 never executed
        -:  511:    {
    #####:  512:      if ( players[i] == highScore )
branch  0 never executed
branch  1 never executed
        -:  513:	{
    #####:  514:	  players[i] = 1;
        -:  515:	}
        -:  516:      else
        -:  517:	{
    #####:  518:	  players[i] = 0;
        -:  519:	}
        -:  520:    }
        -:  521:
    #####:  522:  return 0;
        -:  523:}
        -:  524:
function drawCard called 95602 returned 100% blocks executed 100%
    95602:  525:int drawCard(int player, struct gameState *state)
        -:  526:{	int count;
        -:  527:  int deckCounter;
    95602:  528:  if (state->deckCount[player] <= 0){//Deck is empty
branch  0 taken 8% (fallthrough)
branch  1 taken 92%
        -:  529:    
        -:  530:    //Step 1 Shuffle the discard pile back into a deck
        -:  531:    int i;
        -:  532:    //Move discard to deck
    92859:  533:    for (i = 0; i < state->discardCount[player];i++){
branch  0 taken 92%
branch  1 taken 8% (fallthrough)
    85112:  534:      state->deck[player][i] = state->discard[player][i];
    85112:  535:      state->discard[player][i] = -1;
        -:  536:    }
        -:  537:
     7747:  538:    state->deckCount[player] = state->discardCount[player];
     7747:  539:    state->discardCount[player] = 0;//Reset discard
        -:  540:
        -:  541:    //Shufffle the deck
     7747:  542:    shuffle(player, state);//Shuffle the deck up and make it so that we can draw
call    0 returned 100%
        -:  543:   
        -:  544:    if (DEBUG){//Debug statements
        -:  545:      printf("Deck count now: %d\n", state->deckCount[player]);
        -:  546:    }
        -:  547:    
     7747:  548:    state->discardCount[player] = 0;
        -:  549:
        -:  550:    //Step 2 Draw Card
     7747:  551:    count = state->handCount[player];//Get current player's hand count
        -:  552:    
        -:  553:    if (DEBUG){//Debug statements
        -:  554:      printf("Current hand count: %d\n", count);
        -:  555:    }
        -:  556:    
     7747:  557:    deckCounter = state->deckCount[player];//Create a holder for the deck count
        -:  558:
     7747:  559:    if (deckCounter == 0)
branch  0 taken 85% (fallthrough)
branch  1 taken 15%
     6623:  560:      return -1;
        -:  561:
     1124:  562:    state->hand[player][count] = state->deck[player][deckCounter - 1];//Add card to hand
     1124:  563:    state->deckCount[player]--;
     1124:  564:    state->handCount[player]++;//Increment hand count
        -:  565:  }
        -:  566:
        -:  567:  else{
    87855:  568:    int count = state->handCount[player];//Get current hand count for player
        -:  569:    int deckCounter;
        -:  570:    if (DEBUG){//Debug statements
        -:  571:      printf("Current hand count: %d\n", count);
        -:  572:    }
        -:  573:
    87855:  574:    deckCounter = state->deckCount[player];//Create holder for the deck count
    87855:  575:    state->hand[player][count] = state->deck[player][deckCounter - 1];//Add card to the hand
    87855:  576:    state->deckCount[player]--;
    87855:  577:    state->handCount[player]++;//Increment hand count
        -:  578:  }
        -:  579:
    88979:  580:  return 0;
        -:  581:}
        -:  582:
function getCost called 0 returned 0% blocks executed 0%
    #####:  583:int getCost(int cardNumber)
        -:  584:{
    #####:  585:  switch( cardNumber ) 
branch  0 never executed
branch  1 never executed
branch  2 never executed
branch  3 never executed
branch  4 never executed
branch  5 never executed
branch  6 never executed
branch  7 never executed
branch  8 never executed
branch  9 never executed
branch 10 never executed
branch 11 never executed
branch 12 never executed
branch 13 never executed
branch 14 never executed
branch 15 never executed
branch 16 never executed
branch 17 never executed
branch 18 never executed
branch 19 never executed
branch 20 never executed
branch 21 never executed
branch 22 never executed
branch 23 never executed
branch 24 never executed
branch 25 never executed
branch 26 never executed
branch 27 never executed
        -:  586:    {
        -:  587:    case curse:
    #####:  588:      return 0;
        -:  589:    case estate:
    #####:  590:      return 2;
        -:  591:    case duchy:
    #####:  592:      return 5;
        -:  593:    case province:
    #####:  594:      return 8;
        -:  595:    case copper:
    #####:  596:      return 0;
        -:  597:    case silver:
    #####:  598:      return 3;
        -:  599:    case gold:
    #####:  600:      return 6;
        -:  601:    case adventurer:
    #####:  602:      return 6;
        -:  603:    case council_room:
    #####:  604:      return 5;
        -:  605:    case feast:
    #####:  606:      return 4;
        -:  607:    case gardens:
    #####:  608:      return 4;
        -:  609:    case mine:
    #####:  610:      return 5;
        -:  611:    case remodel:
    #####:  612:      return 4;
        -:  613:    case smithy:
    #####:  614:      return 4;
        -:  615:    case village:
    #####:  616:      return 3;
        -:  617:    case baron:
    #####:  618:      return 4;
        -:  619:    case great_hall:
    #####:  620:      return 3;
        -:  621:    case minion:
    #####:  622:      return 5;
        -:  623:    case steward:
    #####:  624:      return 3;
        -:  625:    case tribute:
    #####:  626:      return 5;
        -:  627:    case ambassador:
    #####:  628:      return 3;
        -:  629:    case cutpurse:
    #####:  630:      return 4;
        -:  631:    case embargo: 
    #####:  632:      return 2;
        -:  633:    case outpost:
    #####:  634:      return 5;
        -:  635:    case salvager:
    #####:  636:      return 4;
        -:  637:    case sea_hag:
    #####:  638:      return 4;
        -:  639:    case treasure_map:
    #####:  640:      return 4;
        -:  641:    }
        -:  642:	
    #####:  643:  return -1;
        -:  644:}
        -:  645:
        -:  646://Card Functions
function playAdventurer called 1000 returned 100% blocks executed 94%
     1000:  647:int playAdventurer(struct gameState *state) {
        -:  648:    int cardDrawn;
     1000:  649:    int drawntreasure = 0;
        -:  650:    int temphand[MAX_HAND];
     1000:  651:    int currentPlayer = whoseTurn(state);
call    0 returned 100%
     1000:  652:    int z = 0;
    49488:  653:    while(drawntreasure<2){
branch  0 taken 98%
branch  1 taken 2% (fallthrough)
    47488:  654:	    if (state->deckCount[currentPlayer] <0){//if the deck is empty we need to shuffle discard and add to deck
branch  0 taken 0% (fallthrough)
branch  1 taken 100%
    #####:  655:	        shuffle(currentPlayer, state);
call    0 never executed
        -:  656:	    }
    47488:  657:	    drawCard(currentPlayer, state);
call    0 returned 100%
    47488:  658:	    cardDrawn = state->hand[currentPlayer][state->handCount[currentPlayer]-1];//top card of hand is most recently drawn card.
    47488:  659:	    if (cardDrawn == copper || cardDrawn == silver || cardDrawn == gold)
branch  0 taken 99% (fallthrough)
branch  1 taken 1%
branch  2 taken 99% (fallthrough)
branch  3 taken 1%
branch  4 taken 1% (fallthrough)
branch  5 taken 99%
     2000:  660:	        drawntreasure++;
        -:  661:	    else{
    45488:  662:	        temphand[z]=cardDrawn;
    45488:  663:	        state->handCount[currentPlayer]--; //this should just remove the top card (the most recently drawn one).
    45488:  664:	        z++;
        -:  665:	    }
        -:  666:    }
    47005:  667:    while(z-1>=0){
branch  0 taken 98%
branch  1 taken 2% (fallthrough)
    45005:  668:	    state->discard[currentPlayer][state->discardCount[currentPlayer]++]=temphand[z-1]; // discard all cards in play that have been drawn
    45005:  669:	    z=z-1;
        -:  670:    }
        -:  671:
     1000:  672:    return 0;
        -:  673:}
        -:  674:
function playSmithy called 8000 returned 100% blocks executed 100%
     8000:  675:int playSmithy(struct gameState *state, int handPos) {
        -:  676:    //+3 Cards
        -:  677:    int i;
     8000:  678:    int currentPlayer = whoseTurn(state);
call    0 returned 100%
    40000:  679:    for (i = 0; i < 4; i++){
branch  0 taken 80%
branch  1 taken 20% (fallthrough)
    32000:  680:	    drawCard(currentPlayer, state);
call    0 returned 100%
        -:  681:	}		
        -:  682:    //discard card from hand
     8000:  683:    discardCard(handPos, currentPlayer+1, state, 0);
call    0 returned 100%
        -:  684:      
     8000:  685:    return 0;
        -:  686:}
        -:  687:
function playCouncilRoom called 3000 returned 100% blocks executed 100%
     3000:  688:int playCouncilRoom(struct gameState *state, int handPos){
        -:  689:    //+4 Cards
        -:  690:    int i;
     3000:  691:    int currentPlayer = whoseTurn(state);
call    0 returned 100%
    15000:  692:    for (i = 0; i < 4; i++){
branch  0 taken 80%
branch  1 taken 20% (fallthrough)
    12000:  693:	    drawCard(currentPlayer, state);
call    0 returned 100%
        -:  694:	}
        -:  695:			
        -:  696:    //+1 Buy
        -:  697:    //state->numBuys++;
        -:  698:			
        -:  699:    //Each other player draws a card
     9040:  700:    for (i = 0; i < state->numPlayers-1; i++){
branch  0 taken 67%
branch  1 taken 33% (fallthrough)
     6040:  701:	    if ( i != currentPlayer ){
branch  0 taken 68% (fallthrough)
branch  1 taken 32%
     4114:  702:	      drawCard(i, state);
call    0 returned 100%
        -:  703:	    }
        -:  704:	}
        -:  705:			
        -:  706:    //put played card in played card pile
     3000:  707:    discardCard(handPos, currentPlayer, state, 0);
call    0 returned 100%
        -:  708:			
     3000:  709:    return 0;
        -:  710:}
        -:  711:
function playFeast called 0 returned 0% blocks executed 0%
    #####:  712:int playFeast(struct gameState *state, int choice1){
        -:  713:    //gain card with cost up to 5
        -:  714:    //Backup hand
    #####:  715:    int currentPlayer = whoseTurn(state);
call    0 never executed
        -:  716:    int i;
        -:  717:    int x;
        -:  718:    int temphand[MAX_HAND];
    #####:  719:    for (i = 0; i <= state->handCount[currentPlayer]; i++){
branch  0 never executed
branch  1 never executed
    #####:  720:	    temphand[i] = state->hand[currentPlayer][i];//Backup card
    #####:  721:	    state->hand[currentPlayer][i] = -1;//Set to nothing
        -:  722:    }
        -:  723:    //Backup hand
        -:  724:
        -:  725:    //Update Coins for Buy
    #####:  726:    updateCoins(currentPlayer, state, 5);
call    0 never executed
    #####:  727:    x = 1;//Condition to loop on
    #####:  728:    while( x == 0) {//Buy one card
branch  0 never executed
branch  1 never executed
    #####:  729:	    if (supplyCount(choice1, state) <= 0){
call    0 never executed
branch  1 never executed
branch  2 never executed
        -:  730:	        if (DEBUG) {
        -:  731:	        printf("None of that card left, sorry!\n");
        -:  732:            }
        -:  733:	        if (DEBUG){
        -:  734:	        printf("Cards Left: %d\n", supplyCount(choice1, state));
        -:  735:	        }
        -:  736:	    }
    #####:  737:	    else if (state->coins < getCost(choice1)){
call    0 never executed
branch  1 never executed
branch  2 never executed
    #####:  738:	        printf("That card is too expensive!\n");
call    0 never executed
        -:  739:
        -:  740:	        if (DEBUG){
        -:  741:	            printf("Coins: %d < %d\n", state->coins, getCost(choice1));
        -:  742:	        }
        -:  743:	    } else{
        -:  744:
        -:  745:	        if (DEBUG){
        -:  746:	            printf("Deck Count: %d\n", state->handCount[currentPlayer] + state->deckCount[currentPlayer] + state->discardCount[currentPlayer]);
        -:  747:	        }
        -:  748:
    #####:  749:	        gainCard(choice1, state, 0, currentPlayer);//Gain the card
call    0 never executed
    #####:  750:	        x = 0;//No more buying cards
        -:  751:
        -:  752:	        if (DEBUG){
        -:  753:	            printf("Deck Count: %d\n", state->handCount[currentPlayer] + state->deckCount[currentPlayer] + state->discardCount[currentPlayer]);
        -:  754:	        }
        -:  755:	    }
        -:  756:    }     
        -:  757:
        -:  758:    //Reset Hand
    #####:  759:    for (i = 0; i <= state->handCount[currentPlayer]+1; i++){
branch  0 never executed
branch  1 never executed
    #####:  760:	    state->hand[currentPlayer][i] = temphand[i];
    #####:  761:	    temphand[i] = -1;
        -:  762:    }
        -:  763:      			
    #####:  764:    return 0;
        -:  765:}
        -:  766:
function playVillage called 0 returned 0% blocks executed 0%
    #####:  767:int playVillage(struct gameState *state, int handPos){
    #####:  768:    int currentPlayer = whoseTurn(state);  
call    0 never executed
        -:  769:    //+1 Card
    #####:  770:    drawCard(currentPlayer, state);
call    0 never executed
        -:  771:			
        -:  772:    //+2 Actions
    #####:  773:    state->numActions = state->numActions + 2;
        -:  774:			
        -:  775:    //discard played card from hand
    #####:  776:    discardCard(handPos, currentPlayer, state, 0);
call    0 never executed
    #####:  777:    return 0;
        -:  778:}
        -:  779:
        -:  780://End Card Functions
        -:  781:
function cardEffect called 0 returned 0% blocks executed 0%
    #####:  782:int cardEffect(int card, int choice1, int choice2, int choice3, struct gameState *state, int handPos, int *bonus)
        -:  783:{
        -:  784:  int i;
        -:  785:  int j;
        -:  786:  int k;
        -:  787:  //int x;
        -:  788:  int index;
    #####:  789:  int currentPlayer = whoseTurn(state);
call    0 never executed
    #####:  790:  int nextPlayer = currentPlayer + 1;
        -:  791:
    #####:  792:  int tributeRevealedCards[2] = {-1, -1};
        -:  793:  //int temphand[MAX_HAND];// moved above the if statement
        -:  794:  //int drawntreasure=0;
        -:  795:  //int cardDrawn;
        -:  796:  //int z = 0;// this is the counter for the temp hand
    #####:  797:  if (nextPlayer > (state->numPlayers - 1)){
branch  0 never executed
branch  1 never executed
    #####:  798:    nextPlayer = 0;
        -:  799:  }
        -:  800:  //uses switch to select card and perform actions
    #####:  801:  switch( card ) 
branch  0 never executed
branch  1 never executed
branch  2 never executed
branch  3 never executed
branch  4 never executed
branch  5 never executed
branch  6 never executed
branch  7 never executed
branch  8 never executed
branch  9 never executed
branch 10 never executed
branch 11 never executed
branch 12 never executed
branch 13 never executed
branch 14 never executed
branch 15 never executed
branch 16 never executed
branch 17 never executed
branch 18 never executed
        -:  802:    {
        -:  803:    case adventurer:
    #####:  804:	    playAdventurer(state);	
call    0 never executed
        -:  805:    
        -:  806:    case council_room:
    #####:  807:		playCouncilRoom(state, handPos);	
call    0 never executed
        -:  808:    case feast:
        -:  809:			
        -:  810:    case gardens:
    #####:  811:      return -1;
        -:  812:			
        -:  813:    case mine:
    #####:  814:      j = state->hand[currentPlayer][choice1];  //store card we will trash
        -:  815:
    #####:  816:      if (state->hand[currentPlayer][choice1] < copper || state->hand[currentPlayer][choice1] > gold)
branch  0 never executed
branch  1 never executed
branch  2 never executed
branch  3 never executed
        -:  817:	{
    #####:  818:	  return -1;
        -:  819:	}
        -:  820:		
    #####:  821:      if (choice2 > treasure_map || choice2 < curse)
branch  0 never executed
branch  1 never executed
branch  2 never executed
branch  3 never executed
        -:  822:	{
    #####:  823:	  return -1;
        -:  824:	}
        -:  825:
    #####:  826:      if ( (getCost(state->hand[currentPlayer][choice1]) + 3) > getCost(choice2) )
call    0 never executed
call    1 never executed
branch  2 never executed
branch  3 never executed
        -:  827:	{
    #####:  828:	  return -1;
        -:  829:	}
        -:  830:
    #####:  831:      gainCard(choice2, state, 2, currentPlayer);
call    0 never executed
        -:  832:
        -:  833:      //discard card from hand
    #####:  834:      discardCard(handPos, currentPlayer, state, 0);
call    0 never executed
        -:  835:
        -:  836:      //discard trashed card
    #####:  837:      for (i = 0; i < state->handCount[currentPlayer]; i++)
branch  0 never executed
branch  1 never executed
        -:  838:	{
    #####:  839:	  if (state->hand[currentPlayer][i] == j)
branch  0 never executed
branch  1 never executed
        -:  840:	    {
    #####:  841:	      discardCard(i, currentPlayer, state, 0);			
call    0 never executed
    #####:  842:	      break;
        -:  843:	    }
        -:  844:	}
        -:  845:			
    #####:  846:      return 0;
        -:  847:			
        -:  848:    case remodel:
    #####:  849:      j = state->hand[currentPlayer][choice1];  //store card we will trash
        -:  850:
    #####:  851:      if ( (getCost(state->hand[currentPlayer][choice1]) + 2) > getCost(choice2) )
call    0 never executed
call    1 never executed
branch  2 never executed
branch  3 never executed
        -:  852:	{
    #####:  853:	  return -1;
        -:  854:	}
        -:  855:
    #####:  856:      gainCard(choice2, state, 0, currentPlayer);
call    0 never executed
        -:  857:
        -:  858:      //discard card from hand
    #####:  859:      discardCard(handPos, currentPlayer, state, 0);
call    0 never executed
        -:  860:
        -:  861:      //discard trashed card
    #####:  862:      for (i = 0; i < state->handCount[currentPlayer]; i++)
branch  0 never executed
branch  1 never executed
        -:  863:	{
    #####:  864:	  if (state->hand[currentPlayer][i] == j)
branch  0 never executed
branch  1 never executed
        -:  865:	    {
    #####:  866:	      discardCard(i, currentPlayer, state, 0);			
call    0 never executed
    #####:  867:	      break;
        -:  868:	    }
        -:  869:	}
        -:  870:
        -:  871:
    #####:  872:      return 0;
        -:  873:		
        -:  874:    case smithy:
    #####:  875:		playSmithy(state, handPos);
call    0 never executed
        -:  876:    case village:
        -:  877:		
        -:  878:    case baron:
    #####:  879:      state->numBuys++;//Increase buys by 1!
    #####:  880:      if (choice1 > 0){//Boolean true or going to discard an estate
branch  0 never executed
branch  1 never executed
    #####:  881:	int p = 0;//Iterator for hand!
    #####:  882:	int card_not_discarded = 1;//Flag for discard set!
    #####:  883:	while(card_not_discarded){
branch  0 never executed
branch  1 never executed
    #####:  884:	  if (state->hand[currentPlayer][p] == estate){//Found an estate card!
branch  0 never executed
branch  1 never executed
    #####:  885:	    state->coins += 4;//Add 4 coins to the amount of coins
    #####:  886:	    state->discard[currentPlayer][state->discardCount[currentPlayer]] = state->hand[currentPlayer][p];
    #####:  887:	    state->discardCount[currentPlayer]++;
    #####:  888:	    for (;p < state->handCount[currentPlayer]; p++){
branch  0 never executed
branch  1 never executed
    #####:  889:	      state->hand[currentPlayer][p] = state->hand[currentPlayer][p+1];
        -:  890:	    }
    #####:  891:	    state->hand[currentPlayer][state->handCount[currentPlayer]] = -1;
    #####:  892:	    state->handCount[currentPlayer]--;
    #####:  893:	    card_not_discarded = 0;//Exit the loop
        -:  894:	  }
    #####:  895:	  else if (p > state->handCount[currentPlayer]){
branch  0 never executed
branch  1 never executed
        -:  896:	    if(DEBUG) {
        -:  897:	      printf("No estate cards in your hand, invalid choice\n");
        -:  898:	      printf("Must gain an estate if there are any\n");
        -:  899:	    }
    #####:  900:	    if (supplyCount(estate, state) > 0){
call    0 never executed
branch  1 never executed
branch  2 never executed
    #####:  901:	      gainCard(estate, state, 0, currentPlayer);
call    0 never executed
    #####:  902:	      state->supplyCount[estate]--;//Decrement estates
    #####:  903:	      if (supplyCount(estate, state) == 0){
call    0 never executed
branch  1 never executed
branch  2 never executed
    #####:  904:		isGameOver(state);
call    0 never executed
        -:  905:	      }
        -:  906:	    }
    #####:  907:	    card_not_discarded = 0;//Exit the loop
        -:  908:	  }
        -:  909:			    
        -:  910:	  else{
    #####:  911:	    p++;//Next card
        -:  912:	  }
        -:  913:	}
        -:  914:      }
        -:  915:			    
        -:  916:      else{
    #####:  917:	if (supplyCount(estate, state) > 0){
call    0 never executed
branch  1 never executed
branch  2 never executed
    #####:  918:	  gainCard(estate, state, 0, currentPlayer);//Gain an estate
call    0 never executed
    #####:  919:	  state->supplyCount[estate]--;//Decrement Estates
    #####:  920:	  if (supplyCount(estate, state) == 0){
call    0 never executed
branch  1 never executed
branch  2 never executed
    #####:  921:	    isGameOver(state);
call    0 never executed
        -:  922:	  }
        -:  923:	}
        -:  924:      }
        -:  925:	    
        -:  926:      
    #####:  927:      return 0;
        -:  928:		
        -:  929:    case great_hall:
        -:  930:      //+1 Card
    #####:  931:      drawCard(currentPlayer, state);
call    0 never executed
        -:  932:			
        -:  933:      //+1 Actions
    #####:  934:      state->numActions++;
        -:  935:			
        -:  936:      //discard card from hand
    #####:  937:      discardCard(handPos, currentPlayer, state, 0);
call    0 never executed
    #####:  938:      return 0;
        -:  939:		
        -:  940:    case minion:
        -:  941:      //+1 action
    #####:  942:      state->numActions++;
        -:  943:			
        -:  944:      //discard card from hand
    #####:  945:      discardCard(handPos, currentPlayer, state, 0);
call    0 never executed
        -:  946:			
    #####:  947:      if (choice1)		//+2 coins
branch  0 never executed
branch  1 never executed
        -:  948:	{
    #####:  949:	  state->coins = state->coins + 2;
        -:  950:	}
        -:  951:			
    #####:  952:      else if (choice2)		//discard hand, redraw 4, other players with 5+ cards discard hand and draw 4
branch  0 never executed
branch  1 never executed
        -:  953:	{
        -:  954:	  //discard hand
    #####:  955:	  while(numHandCards(state) > 0)
call    0 never executed
branch  1 never executed
branch  2 never executed
        -:  956:	    {
    #####:  957:	      discardCard(handPos, currentPlayer, state, 0);
call    0 never executed
        -:  958:	    }
        -:  959:				
        -:  960:	  //draw 4
    #####:  961:	  for (i = 0; i < 4; i++)
branch  0 never executed
branch  1 never executed
        -:  962:	    {
    #####:  963:	      drawCard(currentPlayer, state);
call    0 never executed
        -:  964:	    }
        -:  965:				
        -:  966:	  //other players discard hand and redraw if hand size > 4
    #####:  967:	  for (i = 0; i < state->numPlayers; i++)
branch  0 never executed
branch  1 never executed
        -:  968:	    {
    #####:  969:	      if (i != currentPlayer)
branch  0 never executed
branch  1 never executed
        -:  970:		{
    #####:  971:		  if ( state->handCount[i] > 4 )
branch  0 never executed
branch  1 never executed
        -:  972:		    {
        -:  973:		      //discard hand
    #####:  974:		      while( state->handCount[i] > 0 )
branch  0 never executed
branch  1 never executed
        -:  975:			{
    #####:  976:			  discardCard(handPos, i, state, 0);
call    0 never executed
        -:  977:			}
        -:  978:							
        -:  979:		      //draw 4
    #####:  980:		      for (j = 0; j < 4; j++)
branch  0 never executed
branch  1 never executed
        -:  981:			{
    #####:  982:			  drawCard(i, state);
call    0 never executed
        -:  983:			}
        -:  984:		    }
        -:  985:		}
        -:  986:	    }
        -:  987:				
        -:  988:	}
    #####:  989:      return 0;
        -:  990:		
        -:  991:    case steward:
    #####:  992:      if (choice1 == 1)
branch  0 never executed
branch  1 never executed
        -:  993:	{
        -:  994:	  //+2 cards
    #####:  995:	  drawCard(currentPlayer, state);
call    0 never executed
    #####:  996:	  drawCard(currentPlayer, state);
call    0 never executed
        -:  997:	}
    #####:  998:      else if (choice1 == 2)
branch  0 never executed
branch  1 never executed
        -:  999:	{
        -: 1000:	  //+2 coins
    #####: 1001:	  state->coins = state->coins + 2;
        -: 1002:	}
        -: 1003:      else
        -: 1004:	{
        -: 1005:	  //trash 2 cards in hand
    #####: 1006:	  discardCard(choice2, currentPlayer, state, 1);
call    0 never executed
    #####: 1007:	  discardCard(choice3, currentPlayer, state, 1);
call    0 never executed
        -: 1008:	}
        -: 1009:			
        -: 1010:      //discard card from hand
    #####: 1011:      discardCard(handPos, currentPlayer, state, 0);
call    0 never executed
    #####: 1012:      return 0;
        -: 1013:		
        -: 1014:    case tribute:
    #####: 1015:      if ((state->discardCount[nextPlayer] + state->deckCount[nextPlayer]) <= 1){
branch  0 never executed
branch  1 never executed
    #####: 1016:	if (state->deckCount[nextPlayer] > 0){
branch  0 never executed
branch  1 never executed
    #####: 1017:	  tributeRevealedCards[0] = state->deck[nextPlayer][state->deckCount[nextPlayer]-1];
    #####: 1018:	  state->deckCount[nextPlayer]--;
        -: 1019:	}
    #####: 1020:	else if (state->discardCount[nextPlayer] > 0){
branch  0 never executed
branch  1 never executed
    #####: 1021:	  tributeRevealedCards[0] = state->discard[nextPlayer][state->discardCount[nextPlayer]-1];
    #####: 1022:	  state->discardCount[nextPlayer]--;
        -: 1023:	}
        -: 1024:	else{
        -: 1025:	  //No Card to Reveal
        -: 1026:	  if (DEBUG){
        -: 1027:	    printf("No cards to reveal\n");
        -: 1028:	  }
        -: 1029:	}
        -: 1030:      }
        -: 1031:	    
        -: 1032:      else{
    #####: 1033:	if (state->deckCount[nextPlayer] == 0){
branch  0 never executed
branch  1 never executed
    #####: 1034:	  for (i = 0; i < state->discardCount[nextPlayer]; i++){
branch  0 never executed
branch  1 never executed
    #####: 1035:	    state->deck[nextPlayer][i] = state->discard[nextPlayer][i];//Move to deck
    #####: 1036:	    state->deckCount[nextPlayer]++;
    #####: 1037:	    state->discard[nextPlayer][i] = -1;
    #####: 1038:	    state->discardCount[nextPlayer]--;
        -: 1039:	  }
        -: 1040:			    
    #####: 1041:	  shuffle(nextPlayer,state);//Shuffle the deck
call    0 never executed
        -: 1042:	} 
    #####: 1043:	tributeRevealedCards[0] = state->deck[nextPlayer][state->deckCount[nextPlayer]-1];
    #####: 1044:	state->deck[nextPlayer][state->deckCount[nextPlayer]--] = -1;
    #####: 1045:	state->deckCount[nextPlayer]--;
    #####: 1046:	tributeRevealedCards[1] = state->deck[nextPlayer][state->deckCount[nextPlayer]-1];
    #####: 1047:	state->deck[nextPlayer][state->deckCount[nextPlayer]--] = -1;
    #####: 1048:	state->deckCount[nextPlayer]--;
        -: 1049:      }    
        -: 1050:		       
    #####: 1051:      if (tributeRevealedCards[0] == tributeRevealedCards[1]){//If we have a duplicate card, just drop one 
branch  0 never executed
branch  1 never executed
    #####: 1052:	state->playedCards[state->playedCardCount] = tributeRevealedCards[1];
    #####: 1053:	state->playedCardCount++;
    #####: 1054:	tributeRevealedCards[1] = -1;
        -: 1055:      }
        -: 1056:
    #####: 1057:      for (i = 0; i <= 2; i ++){
branch  0 never executed
branch  1 never executed
    #####: 1058:	if (tributeRevealedCards[i] == copper || tributeRevealedCards[i] == silver || tributeRevealedCards[i] == gold){//Treasure cards
branch  0 never executed
branch  1 never executed
branch  2 never executed
branch  3 never executed
branch  4 never executed
branch  5 never executed
    #####: 1059:	  state->coins += 2;
        -: 1060:	}
        -: 1061:		    
    #####: 1062:	else if (tributeRevealedCards[i] == estate || tributeRevealedCards[i] == duchy || tributeRevealedCards[i] == province || tributeRevealedCards[i] == gardens || tributeRevealedCards[i] == great_hall){//Victory Card Found
branch  0 never executed
branch  1 never executed
branch  2 never executed
branch  3 never executed
branch  4 never executed
branch  5 never executed
branch  6 never executed
branch  7 never executed
branch  8 never executed
branch  9 never executed
    #####: 1063:	  drawCard(currentPlayer, state);
call    0 never executed
    #####: 1064:	  drawCard(currentPlayer, state);
call    0 never executed
        -: 1065:	}
        -: 1066:	else{//Action Card
    #####: 1067:	  state->numActions = state->numActions + 2;
        -: 1068:	}
        -: 1069:      }
        -: 1070:	    
    #####: 1071:      return 0;
        -: 1072:		
        -: 1073:    case ambassador:
    #####: 1074:      j = 0;		//used to check if player has enough cards to discard
        -: 1075:
    #####: 1076:      if (choice2 > 2 || choice2 < 0)
branch  0 never executed
branch  1 never executed
branch  2 never executed
branch  3 never executed
        -: 1077:	{
    #####: 1078:	  return -1;				
        -: 1079:	}
        -: 1080:
    #####: 1081:      if (choice1 == handPos)
branch  0 never executed
branch  1 never executed
        -: 1082:	{
    #####: 1083:	  return -1;
        -: 1084:	}
        -: 1085:
    #####: 1086:      for (i = 0; i < state->handCount[currentPlayer]; i++)
branch  0 never executed
branch  1 never executed
        -: 1087:	{
    #####: 1088:	  if (i != handPos && i == state->hand[currentPlayer][choice1] && i != choice1)
branch  0 never executed
branch  1 never executed
branch  2 never executed
branch  3 never executed
branch  4 never executed
branch  5 never executed
        -: 1089:	    {
    #####: 1090:	      j++;
        -: 1091:	    }
        -: 1092:	}
    #####: 1093:      if (j < choice2)
branch  0 never executed
branch  1 never executed
        -: 1094:	{
    #####: 1095:	  return -1;				
        -: 1096:	}
        -: 1097:
        -: 1098:      if (DEBUG) 
        -: 1099:	printf("Player %d reveals card number: %d\n", currentPlayer, state->hand[currentPlayer][choice1]);
        -: 1100:
        -: 1101:      //increase supply count for choosen card by amount being discarded
    #####: 1102:      state->supplyCount[state->hand[currentPlayer][choice1]] += choice2;
        -: 1103:			
        -: 1104:      //each other player gains a copy of revealed card
    #####: 1105:      for (i = 0; i < state->numPlayers; i++)
branch  0 never executed
branch  1 never executed
        -: 1106:	{
    #####: 1107:	  if (i != currentPlayer)
branch  0 never executed
branch  1 never executed
        -: 1108:	    {
    #####: 1109:	      gainCard(state->hand[currentPlayer][choice1], state, 0, i);
call    0 never executed
        -: 1110:	    }
        -: 1111:	}
        -: 1112:
        -: 1113:      //discard played card from hand
    #####: 1114:      discardCard(handPos, currentPlayer, state, 0);			
call    0 never executed
        -: 1115:
        -: 1116:      //trash copies of cards returned to supply
    #####: 1117:      for (j = 0; j < choice2; j++)
branch  0 never executed
branch  1 never executed
        -: 1118:	{
    #####: 1119:	  for (i = 0; i < state->handCount[currentPlayer]; i++)
branch  0 never executed
branch  1 never executed
        -: 1120:	    {
    #####: 1121:	      if (state->hand[currentPlayer][i] == state->hand[currentPlayer][choice1])
branch  0 never executed
branch  1 never executed
        -: 1122:		{
    #####: 1123:		  discardCard(i, currentPlayer, state, 1);
call    0 never executed
    #####: 1124:		  break;
        -: 1125:		}
        -: 1126:	    }
        -: 1127:	}			
        -: 1128:
    #####: 1129:      return 0;
        -: 1130:		
        -: 1131:    case cutpurse:
        -: 1132:
    #####: 1133:      updateCoins(currentPlayer, state, 2);
call    0 never executed
    #####: 1134:      for (i = 0; i < state->numPlayers; i++)
branch  0 never executed
branch  1 never executed
        -: 1135:	{
    #####: 1136:	  if (i != currentPlayer)
branch  0 never executed
branch  1 never executed
        -: 1137:	    {
    #####: 1138:	      for (j = 0; j < state->handCount[i]; j++)
branch  0 never executed
branch  1 never executed
        -: 1139:		{
    #####: 1140:		  if (state->hand[i][j] == copper)
branch  0 never executed
branch  1 never executed
        -: 1141:		    {
    #####: 1142:		      discardCard(j, i, state, 0);
call    0 never executed
    #####: 1143:		      break;
        -: 1144:		    }
    #####: 1145:		  if (j == state->handCount[i])
branch  0 never executed
branch  1 never executed
        -: 1146:		    {
    #####: 1147:		      for (k = 0; k < state->handCount[i]; k++)
branch  0 never executed
branch  1 never executed
        -: 1148:			{
        -: 1149:			  if (DEBUG)
        -: 1150:			    printf("Player %d reveals card number %d\n", i, state->hand[i][k]);
        -: 1151:			}	
    #####: 1152:		      break;
        -: 1153:		    }		
        -: 1154:		}
        -: 1155:					
        -: 1156:	    }
        -: 1157:				
        -: 1158:	}				
        -: 1159:
        -: 1160:      //discard played card from hand
    #####: 1161:      discardCard(handPos, currentPlayer, state, 0);			
call    0 never executed
        -: 1162:
    #####: 1163:      return 0;
        -: 1164:
        -: 1165:		
        -: 1166:    case embargo: 
        -: 1167:      //+2 Coins
    #####: 1168:      state->coins = state->coins + 2;
        -: 1169:			
        -: 1170:      //see if selected pile is in play
    #####: 1171:      if ( state->supplyCount[choice1] == -1 )
branch  0 never executed
branch  1 never executed
        -: 1172:	{
    #####: 1173:	  return -1;
        -: 1174:	}
        -: 1175:			
        -: 1176:      //add embargo token to selected supply pile
    #####: 1177:      state->embargoTokens[choice1]++;
        -: 1178:			
        -: 1179:      //trash card
    #####: 1180:      discardCard(handPos, currentPlayer, state, 1);		
call    0 never executed
    #####: 1181:      return 0;
        -: 1182:		
        -: 1183:    case outpost:
        -: 1184:      //set outpost flag
    #####: 1185:      state->outpostPlayed++;
        -: 1186:			
        -: 1187:      //discard card
    #####: 1188:      discardCard(handPos, currentPlayer, state, 0);
call    0 never executed
    #####: 1189:      return 0;
        -: 1190:		
        -: 1191:    case salvager:
        -: 1192:      //+1 buy
    #####: 1193:      state->numBuys++;
        -: 1194:			
    #####: 1195:      if (choice1)
branch  0 never executed
branch  1 never executed
        -: 1196:	{
        -: 1197:	  //gain coins equal to trashed card
    #####: 1198:	  state->coins = state->coins + getCost( handCard(choice1, state) );
call    0 never executed
call    1 never executed
        -: 1199:	  //trash card
    #####: 1200:	  discardCard(choice1, currentPlayer, state, 1);	
call    0 never executed
        -: 1201:	}
        -: 1202:			
        -: 1203:      //discard card
    #####: 1204:      discardCard(handPos, currentPlayer, state, 0);
call    0 never executed
    #####: 1205:      return 0;
        -: 1206:		
        -: 1207:    case sea_hag:
    #####: 1208:      for (i = 0; i < state->numPlayers; i++){
branch  0 never executed
branch  1 never executed
    #####: 1209:	if (i != currentPlayer){
branch  0 never executed
branch  1 never executed
    #####: 1210:	  state->discard[i][state->discardCount[i]] = state->deck[i][state->deckCount[i]--];			    state->deckCount[i]--;
    #####: 1211:	  state->discardCount[i]++;
    #####: 1212:	  state->deck[i][state->deckCount[i]--] = curse;//Top card now a curse
        -: 1213:	}
        -: 1214:      }
    #####: 1215:      return 0;
        -: 1216:		
        -: 1217:    case treasure_map:
        -: 1218:      //search hand for another treasure_map
    #####: 1219:      index = -1;
    #####: 1220:      for (i = 0; i < state->handCount[currentPlayer]; i++)
branch  0 never executed
branch  1 never executed
        -: 1221:	{
    #####: 1222:	  if (state->hand[currentPlayer][i] == treasure_map && i != handPos)
branch  0 never executed
branch  1 never executed
branch  2 never executed
branch  3 never executed
        -: 1223:	    {
    #####: 1224:	      index = i;
    #####: 1225:	      break;
        -: 1226:	    }
        -: 1227:	}
    #####: 1228:      if (index > -1)
branch  0 never executed
branch  1 never executed
        -: 1229:	{
        -: 1230:	  //trash both treasure cards
    #####: 1231:	  discardCard(handPos, currentPlayer, state, 1);
call    0 never executed
    #####: 1232:	  discardCard(index, currentPlayer, state, 1);
call    0 never executed
        -: 1233:
        -: 1234:	  //gain 4 Gold cards
    #####: 1235:	  for (i = 0; i < 4; i++)
branch  0 never executed
branch  1 never executed
        -: 1236:	    {
    #####: 1237:	      gainCard(gold, state, 1, currentPlayer);
call    0 never executed
        -: 1238:	    }
        -: 1239:				
        -: 1240:	  //return success
    #####: 1241:	  return 1;
        -: 1242:	}
        -: 1243:			
        -: 1244:      //no second treasure_map found in hand
    #####: 1245:      return -1;
        -: 1246:    }
        -: 1247:	
    #####: 1248:  return -1;
        -: 1249:}
        -: 1250:
function discardCard called 11000 returned 100% blocks executed 89%
    11000: 1251:int discardCard(int handPos, int currentPlayer, struct gameState *state, int trashFlag)
        -: 1252:{
        -: 1253:	
        -: 1254:  //if card is not trashed, added to Played pile 
    11000: 1255:  if (trashFlag < 1)
branch  0 taken 100% (fallthrough)
branch  1 taken 0%
        -: 1256:    {
        -: 1257:      //add card to played pile
    11000: 1258:      state->playedCards[state->playedCardCount] = state->hand[currentPlayer][handPos]; 
    11000: 1259:      state->playedCardCount++;
        -: 1260:    }
        -: 1261:	
        -: 1262:  //set played card to -1
    11000: 1263:  state->hand[currentPlayer][handPos] = -1;
        -: 1264:	
        -: 1265:  //remove card from player's hand
    11000: 1266:  if ( handPos == (state->handCount[currentPlayer] - 1) ) 	//last card in hand array is played
branch  0 taken 1% (fallthrough)
branch  1 taken 99%
        -: 1267:    {
        -: 1268:      //reduce number of cards in hand
       37: 1269:      state->handCount[currentPlayer]--;
        -: 1270:    }
    10963: 1271:  else if ( state->handCount[currentPlayer] == 1 ) //only one card in hand
branch  0 taken 0% (fallthrough)
branch  1 taken 100%
        -: 1272:    {
        -: 1273:      //reduce number of cards in hand
    #####: 1274:      state->handCount[currentPlayer]--;
        -: 1275:    }
        -: 1276:  else 	
        -: 1277:    {
        -: 1278:      //replace discarded card with last card in hand
    10963: 1279:      state->hand[currentPlayer][handPos] = state->hand[currentPlayer][ (state->handCount[currentPlayer] - 1)];
        -: 1280:      //set last card to -1
    10963: 1281:      state->hand[currentPlayer][state->handCount[currentPlayer] - 1] = -1;
        -: 1282:      //reduce number of cards in hand
    10963: 1283:      state->handCount[currentPlayer]--;
        -: 1284:    }
        -: 1285:	
    11000: 1286:  return 0;
        -: 1287:}
        -: 1288:
function gainCard called 0 returned 0% blocks executed 0%
    #####: 1289:int gainCard(int supplyPos, struct gameState *state, int toFlag, int player)
        -: 1290:{
        -: 1291:  //Note: supplyPos is enum of choosen card
        -: 1292:	
        -: 1293:  //check if supply pile is empty (0) or card is not used in game (-1)
    #####: 1294:  if ( supplyCount(supplyPos, state) < 1 )
call    0 never executed
branch  1 never executed
branch  2 never executed
        -: 1295:    {
    #####: 1296:      return -1;
        -: 1297:    }
        -: 1298:	
        -: 1299:  //added card for [whoseTurn] current player:
        -: 1300:  // toFlag = 0 : add to discard
        -: 1301:  // toFlag = 1 : add to deck
        -: 1302:  // toFlag = 2 : add to hand
        -: 1303:
    #####: 1304:  if (toFlag == 1)
branch  0 never executed
branch  1 never executed
        -: 1305:    {
    #####: 1306:      state->deck[ player ][ state->deckCount[player] ] = supplyPos;
    #####: 1307:      state->deckCount[player]++;
        -: 1308:    }
    #####: 1309:  else if (toFlag == 2)
branch  0 never executed
branch  1 never executed
        -: 1310:    {
    #####: 1311:      state->hand[ player ][ state->handCount[player] ] = supplyPos;
    #####: 1312:      state->handCount[player]++;
        -: 1313:    }
        -: 1314:  else
        -: 1315:    {
    #####: 1316:      state->discard[player][ state->discardCount[player] ] = supplyPos;
    #####: 1317:      state->discardCount[player]++;
        -: 1318:    }
        -: 1319:	
        -: 1320:  //decrease number in supply pile
    #####: 1321:  state->supplyCount[supplyPos]--;
        -: 1322:	 
    #####: 1323:  return 0;
        -: 1324:}
        -: 1325:
function updateCoins called 0 returned 0% blocks executed 0%
    #####: 1326:int updateCoins(int player, struct gameState *state, int bonus)
        -: 1327:{
        -: 1328:  int i;
        -: 1329:	
        -: 1330:  //reset coin count
    #####: 1331:  state->coins = 0;
        -: 1332:
        -: 1333:  //add coins for each Treasure card in player's hand
    #####: 1334:  for (i = 0; i < state->handCount[player]; i++)
branch  0 never executed
branch  1 never executed
        -: 1335:    {
    #####: 1336:      if (state->hand[player][i] == copper)
branch  0 never executed
branch  1 never executed
        -: 1337:	{
    #####: 1338:	  state->coins += 1;
        -: 1339:	}
    #####: 1340:      else if (state->hand[player][i] == silver)
branch  0 never executed
branch  1 never executed
        -: 1341:	{
    #####: 1342:	  state->coins += 2;
        -: 1343:	}
    #####: 1344:      else if (state->hand[player][i] == gold)
branch  0 never executed
branch  1 never executed
        -: 1345:	{
    #####: 1346:	  state->coins += 3;
        -: 1347:	}	
        -: 1348:    }	
        -: 1349:
        -: 1350:  //add bonus
    #####: 1351:  state->coins += bonus;
        -: 1352:
    #####: 1353:  return 0;
        -: 1354:}
        -: 1355:
        -: 1356:
        -: 1357://end of dominion.c
        -: 1358:
